Connecting to database specified by database.yml
Migrating to CreateDayCandles (20121030134355)
Migrating to AddUniqueIndexToDayCandle (20121030135501)
Migrating to CreateStockCodes (20121102060024)
Migrating to CreateFirmData (20121113080921)
Connecting to database specified by database.yml
Migrating to CreateTradingStrategies (20121118162805)
Connecting to database specified by database.yml
Migrating to CreateTradingSignals (20121118162725)
Connecting to database specified by database.yml
Migrating to CreateDayCandles (20121030134355)
Migrating to AddUniqueIndexToDayCandle (20121030135501)
Migrating to CreateStockCodes (20121102060024)
Migrating to CreateFirmData (20121113080921)
Migrating to CreateFirmDailyData (20121118061629)
Migrating to AddTradingDateToDayCandles (20121118085233)
Migrating to ChangeAttributePropertyToFirmData (20121118085558)
Migrating to AddColumnFcf (20121118123612)
Migrating to CreateTradingSignals (20121118162725)
Migrating to CreateTradingStrategies (20121118162805)
Migrating to CreateAssetStrategies (20121119032236)
Migrating to CreateAssetAccounts (20121119032313)
Migrating to CreateOrders (20121119032328)
Connecting to database specified by database.yml
Migrating to CreateDayCandles (20121030134355)
Migrating to AddUniqueIndexToDayCandle (20121030135501)
Migrating to CreateStockCodes (20121102060024)
Migrating to CreateFirmData (20121113080921)
Migrating to CreateFirmDailyData (20121118061629)
Migrating to AddTradingDateToDayCandles (20121118085233)
Migrating to ChangeAttributePropertyToFirmData (20121118085558)
Migrating to AddColumnFcf (20121118123612)
Migrating to CreateTradingSignals (20121118162725)
Migrating to CreateTradingStrategies (20121118162805)
Migrating to CreateAssetStrategies (20121119032236)
Migrating to CreateAssetAccounts (20121119032313)
Migrating to CreateOrders (20121119032328)
Connecting to database specified by database.yml
Connecting to database specified by database.yml
Connecting to database specified by database.yml
Migrating to CreateDayCandles (20121030134355)
Migrating to AddUniqueIndexToDayCandle (20121030135501)
Migrating to CreateStockCodes (20121102060024)
Migrating to CreateFirmData (20121113080921)
Migrating to CreateFirmDailyData (20121118061629)
Migrating to AddTradingDateToDayCandles (20121118085233)
Migrating to ChangeAttributePropertyToFirmData (20121118085558)
Migrating to AddColumnFcf (20121118123612)
Migrating to CreateTradingSignals (20121118162725)
Migrating to CreateTradingStrategies (20121118162805)
Migrating to CreateAssetStrategies (20121119032236)
Migrating to CreateAssetAccounts (20121119032313)
Migrating to CreateOrders (20121119032328)
Migrating to AddIndexToFirmData (20121120124714)
Migrating to AddIndexToDayCandles (20121120125212)
Migrating to AddIndexToDateOfTradingSignals (20121120141935)
Migrating to AddIndexToAssociationOfAssetAccounts (20121120142020)
Migrating to AddIndexToAssociationOfOrders (20121120142048)
Connecting to database specified by database.yml
Migrating to CreateDayCandles (20121030134355)
Migrating to AddUniqueIndexToDayCandle (20121030135501)
Migrating to CreateStockCodes (20121102060024)
Migrating to CreateFirmData (20121113080921)
Migrating to CreateFirmDailyData (20121118061629)
Migrating to AddTradingDateToDayCandles (20121118085233)
Migrating to ChangeAttributePropertyToFirmData (20121118085558)
Migrating to AddColumnFcf (20121118123612)
Migrating to CreateTradingSignals (20121118162725)
Migrating to CreateTradingStrategies (20121118162805)
Migrating to CreateAssetStrategies (20121119032236)
Migrating to CreateAssetAccounts (20121119032313)
Migrating to CreateOrders (20121119032328)
Migrating to AddIndexToFirmData (20121120124714)
Migrating to AddIndexToDayCandles (20121120125212)
Migrating to AddIndexToDateOfTradingSignals (20121120141935)
Migrating to AddIndexToAssociationOfAssetAccounts (20121120142020)
Migrating to AddIndexToAssociationOfOrders (20121120142048)
Migrating to AddLostIndexing (20121120162721)
Migrating to ChangeAttributeTypeOfTradingStrategy (20121120180432)
Connecting to database specified by database.yml
